\BOOKMARK [1][-]{section.1}{\376\377\000P\000r\000o\000b\000l\000e\000m\000\040\000S\000t\000a\000t\000e\000m\000e\000n\000t}{}% 1
\BOOKMARK [2][-]{subsection.1.1}{\376\377\000T\000h\000e\000\040\000F\000i\000t\000\040\000P\000r\000o\000b\000l\000e\000m\000\040\000i\000n\000\040\000I\000n\000d\000i\000a\000n\000\040\000A\000p\000p\000a\000r\000e\000l\000\040\000R\000e\000t\000a\000i\000l}{section.1}% 2
\BOOKMARK [1][-]{section.2}{\376\377\000P\000r\000o\000p\000o\000s\000e\000d\000\040\000S\000o\000l\000u\000t\000i\000o\000n}{}% 3
\BOOKMARK [2][-]{subsection.2.1}{\376\377\000H\000o\000w\000\040\000I\000t\000\040\000W\000o\000r\000k\000s}{section.2}% 4
\BOOKMARK [2][-]{subsection.2.2}{\376\377\000K\000e\000y\000\040\000F\000e\000a\000t\000u\000r\000e\000s}{section.2}% 5
\BOOKMARK [1][-]{section.3}{\376\377\000B\000u\000s\000i\000n\000e\000s\000s\000\040\000M\000o\000d\000e\000l}{}% 6
\BOOKMARK [2][-]{subsection.3.1}{\376\377\0001\000.\000\040\000M\000a\000l\000l\000\040\000P\000a\000r\000t\000n\000e\000r\000s\000h\000i\000p\000\040\000R\000e\000v\000e\000n\000u\000e\000\040\000S\000h\000a\000r\000e}{section.3}% 7
\BOOKMARK [2][-]{subsection.3.2}{\376\377\0002\000.\000\040\000B\000r\000a\000n\000d\000\040\000S\000p\000o\000n\000s\000o\000r\000s\000h\000i\000p\000s}{section.3}% 8
\BOOKMARK [2][-]{subsection.3.3}{\376\377\0003\000.\000\040\000P\000a\000y\000-\000P\000e\000r\000-\000S\000c\000a\000n\000\040\000R\000e\000v\000e\000n\000u\000e}{section.3}% 9
\BOOKMARK [1][-]{section.4}{\376\377\000G\000o\000-\000t\000o\000-\000M\000a\000r\000k\000e\000t\000\040\000S\000t\000r\000a\000t\000e\000g\000y}{}% 10
\BOOKMARK [2][-]{subsection.4.1}{\376\377\000P\000h\000a\000s\000e\000\040\0001\000:\000\040\000T\000i\000e\000r\000\040\0001\000\040\000M\000a\000l\000l\000\040\000D\000o\000m\000i\000n\000a\000n\000c\000e\000\040\000\050\000M\000o\000n\000t\000h\000s\000\040\0001\040\023\0001\0002\000\051}{section.4}% 11
\BOOKMARK [2][-]{subsection.4.2}{\376\377\000P\000h\000a\000s\000e\000\040\0002\000:\000\040\000T\000i\000e\000r\000\040\0002\000\040\000E\000x\000p\000a\000n\000s\000i\000o\000n\000\040\000\050\000M\000o\000n\000t\000h\000s\000\040\0001\0002\040\023\0002\0004\000\051}{section.4}% 12
\BOOKMARK [2][-]{subsection.4.3}{\376\377\000P\000h\000a\000s\000e\000\040\0003\000:\000\040\000B\000r\000a\000n\000d\000\040\000\046\000\040\000E\000-\000C\000o\000m\000m\000e\000r\000c\000e\000\040\000I\000n\000t\000e\000g\000r\000a\000t\000i\000o\000n\000\040\000\050\000O\000n\000g\000o\000i\000n\000g\000\051}{section.4}% 13
\BOOKMARK [1][-]{section.5}{\376\377\000T\000e\000c\000h\000n\000i\000c\000a\000l\000\040\000R\000e\000q\000u\000i\000r\000e\000m\000e\000n\000t\000s}{}% 14
\BOOKMARK [2][-]{subsection.5.1}{\376\377\000H\000a\000r\000d\000w\000a\000r\000e\000\040\000S\000p\000e\000c\000i\000f\000i\000c\000a\000t\000i\000o\000n\000s}{section.5}% 15
\BOOKMARK [2][-]{subsection.5.2}{\376\377\000S\000o\000f\000t\000w\000a\000r\000e\000\040\000S\000t\000a\000c\000k}{section.5}% 16
\BOOKMARK [2][-]{subsection.5.3}{\376\377\000I\000n\000f\000r\000a\000s\000t\000r\000u\000c\000t\000u\000r\000e\000\040\000C\000o\000s\000t\000\040\000p\000e\000r\000\040\000K\000i\000o\000s\000k}{section.5}% 17
\BOOKMARK [1][-]{section.6}{\376\377\000F\000i\000n\000a\000n\000c\000i\000a\000l\000\040\000P\000r\000o\000j\000e\000c\000t\000i\000o\000n\000s}{}% 18
\BOOKMARK [2][-]{subsection.6.1}{\376\377\000A\000s\000s\000u\000m\000p\000t\000i\000o\000n\000s}{section.6}% 19
\BOOKMARK [2][-]{subsection.6.2}{\376\377\0002\000-\000Y\000e\000a\000r\000\040\000F\000i\000n\000a\000n\000c\000i\000a\000l\000\040\000P\000r\000o\000j\000e\000c\000t\000i\000o\000n}{section.6}% 20
\BOOKMARK [2][-]{subsection.6.3}{\376\377\000U\000n\000i\000t\000\040\000E\000c\000o\000n\000o\000m\000i\000c\000s\000\040\000\050\000P\000e\000r\000\040\000K\000i\000o\000s\000k\000\051}{section.6}% 21
\BOOKMARK [1][-]{section.7}{\376\377\000R\000i\000s\000k\000\040\000A\000n\000a\000l\000y\000s\000i\000s}{}% 22
\BOOKMARK [2][-]{subsection.7.1}{\376\377\000M\000a\000r\000k\000e\000t\000\040\000R\000i\000s\000k\000s}{section.7}% 23
\BOOKMARK [2][-]{subsection.7.2}{\376\377\000O\000p\000e\000r\000a\000t\000i\000o\000n\000a\000l\000\040\000R\000i\000s\000k\000s}{section.7}% 24
\BOOKMARK [2][-]{subsection.7.3}{\376\377\000F\000i\000n\000a\000n\000c\000i\000a\000l\000\040\000R\000i\000s\000k\000s}{section.7}% 25
\BOOKMARK [1][-]{section.8}{\376\377\000C\000o\000m\000p\000e\000t\000i\000t\000i\000v\000e\000\040\000L\000a\000n\000d\000s\000c\000a\000p\000e}{}% 26
\BOOKMARK [2][-]{subsection.8.1}{\376\377\000G\000l\000o\000b\000a\000l\000\040\000P\000l\000a\000y\000e\000r\000s}{section.8}% 27
\BOOKMARK [2][-]{subsection.8.2}{\376\377\000I\000n\000d\000i\000a\000n\000\040\000L\000a\000n\000d\000s\000c\000a\000p\000e}{section.8}% 28
\BOOKMARK [2][-]{subsection.8.3}{\376\377\000O\000u\000r\000\040\000D\000i\000f\000f\000e\000r\000e\000n\000t\000i\000a\000t\000i\000o\000n}{section.8}% 29
\BOOKMARK [1][-]{section.9}{\376\377\000C\000o\000n\000c\000l\000u\000s\000i\000o\000n}{}% 30
