This is pdfTeX, Version 3.141592653-2.6-1.40.25 (TeX Live 2023/Debian) (preloaded format=pdflatex 2026.5.3)  9 MAY 2026 17:54
entering extended mode
 restricted \write18 enabled.
 %&-line parsing enabled.
**mall-measuring-kiosks.tex
(./mall-measuring-kiosks.tex
LaTeX2e <2023-11-01> patch level 1
L3 programming layer <2024-01-22>
(/usr/share/texlive/texmf-dist/tex/latex/base/article.cls
Document Class: article 2023/05/17 v1.4n Standard LaTeX document class
(/usr/share/texlive/texmf-dist/tex/latex/base/size12.clo
File: size12.clo 2023/05/17 v1.4n Standard LaTeX file (size option)
)
\c@part=\count187
\c@section=\count188
\c@subsection=\count189
\c@subsubsection=\count190
\c@paragraph=\count191
\c@subparagraph=\count192
\c@figure=\count193
\c@table=\count194
\abovecaptionskip=\skip48
\belowcaptionskip=\skip49
\bibindent=\dimen140
)
(/usr/share/texlive/texmf-dist/tex/latex/geometry/geometry.sty
Package: geometry 2020/01/02 v5.9 Page Geometry

(/usr/share/texlive/texmf-dist/tex/latex/graphics/keyval.sty
Package: keyval 2022/05/29 v1.15 key=value parser (DPC)
\KV@toks@=\toks17
)
(/usr/share/texlive/texmf-dist/tex/generic/iftex/ifvtex.sty
Package: ifvtex 2019/10/25 v1.7 ifvtex legacy package. Use iftex instead.

(/usr/share/texlive/texmf-dist/tex/generic/iftex/iftex.sty
Package: iftex 2022/02/03 v1.0f TeX engine tests
))
\Gm@cnth=\count195
\Gm@cntv=\count196
\c@Gm@tempcnt=\count197
\Gm@bindingoffset=\dimen141
\Gm@wd@mp=\dimen142
\Gm@odd@mp=\dimen143
\Gm@even@mp=\dimen144
\Gm@layoutwidth=\dimen145
\Gm@layoutheight=\dimen146
\Gm@layouthoffset=\dimen147
\Gm@layoutvoffset=\dimen148
\Gm@dimlist=\toks18
)
(/usr/share/texlive/texmf-dist/tex/latex/amsmath/amsmath.sty
Package: amsmath 2023/05/13 v2.17o AMS math features
\@mathmargin=\skip50

For additional information on amsmath, use the `?' option.
(/usr/share/texlive/texmf-dist/tex/latex/amsmath/amstext.sty
Package: amstext 2021/08/26 v2.01 AMS text

(/usr/share/texlive/texmf-dist/tex/latex/amsmath/amsgen.sty
File: amsgen.sty 1999/11/30 v2.0 generic functions
\@emptytoks=\toks19
\ex@=\dimen149
))
(/usr/share/texlive/texmf-dist/tex/latex/amsmath/amsbsy.sty
Package: amsbsy 1999/11/29 v1.2d Bold Symbols
\pmbraise@=\dimen150
)
(/usr/share/texlive/texmf-dist/tex/latex/amsmath/amsopn.sty
Package: amsopn 2022/04/08 v2.04 operator names
)
\inf@bad=\count198
LaTeX Info: Redefining \frac on input line 234.
\uproot@=\count199
\leftroot@=\count266
LaTeX Info: Redefining \overline on input line 399.
LaTeX Info: Redefining \colon on input line 410.
\classnum@=\count267
\DOTSCASE@=\count268
LaTeX Info: Redefining \ldots on input line 496.
LaTeX Info: Redefining \dots on input line 499.
LaTeX Info: Redefining \cdots on input line 620.
\Mathstrutbox@=\box51
\strutbox@=\box52
LaTeX Info: Redefining \big on input line 722.
LaTeX Info: Redefining \Big on input line 723.
LaTeX Info: Redefining \bigg on input line 724.
LaTeX Info: Redefining \Bigg on input line 725.
\big@size=\dimen151
LaTeX Font Info:    Redeclaring font encoding OML on input line 743.
LaTeX Font Info:    Redeclaring font encoding OMS on input line 744.
\macc@depth=\count269
LaTeX Info: Redefining \bmod on input line 905.
LaTeX Info: Redefining \pmod on input line 910.
LaTeX Info: Redefining \smash on input line 940.
LaTeX Info: Redefining \relbar on input line 970.
LaTeX Info: Redefining \Relbar on input line 971.
\c@MaxMatrixCols=\count270
\dotsspace@=\muskip16
\c@parentequation=\count271
\dspbrk@lvl=\count272
\tag@help=\toks20
\row@=\count273
\column@=\count274
\maxfields@=\count275
\andhelp@=\toks21
\eqnshift@=\dimen152
\alignsep@=\dimen153
\tagshift@=\dimen154
\tagwidth@=\dimen155
\totwidth@=\dimen156
\lineht@=\dimen157
\@envbody=\toks22
\multlinegap=\skip51
\multlinetaggap=\skip52
\mathdisplay@stack=\toks23
LaTeX Info: Redefining \[ on input line 2953.
LaTeX Info: Redefining \] on input line 2954.
)
(/usr/share/texlive/texmf-dist/tex/latex/amsfonts/amssymb.sty
Package: amssymb 2013/01/14 v3.01 AMS font symbols

(/usr/share/texlive/texmf-dist/tex/latex/amsfonts/amsfonts.sty
Package: amsfonts 2013/01/14 v3.01 Basic AMSFonts support
\symAMSa=\mathgroup4
\symAMSb=\mathgroup5
LaTeX Font Info:    Redeclaring math symbol \hbar on input line 98.
LaTeX Font Info:    Overwriting math alphabet `\mathfrak' in version `bold'
(Font)                  U/euf/m/n --> U/euf/b/n on input line 106.
))
(/usr/share/texlive/texmf-dist/tex/latex/graphics/graphicx.sty
Package: graphicx 2021/09/16 v1.2d Enhanced LaTeX Graphics (DPC,SPQR)

(/usr/share/texlive/texmf-dist/tex/latex/graphics/graphics.sty
Package: graphics 2022/03/10 v1.4e Standard LaTeX Graphics (DPC,SPQR)

(/usr/share/texlive/texmf-dist/tex/latex/graphics/trig.sty
Package: trig 2021/08/11 v1.11 sin cos tan (DPC)
)
(/usr/share/texlive/texmf-dist/tex/latex/graphics-cfg/graphics.cfg
File: graphics.cfg 2016/06/04 v1.11 sample graphics configuration
)
Package graphics Info: Driver file: pdftex.def on input line 107.

(/usr/share/texlive/texmf-dist/tex/latex/graphics-def/pdftex.def
File: pdftex.def 2022/09/22 v1.2b Graphics/color driver for pdftex
))
\Gin@req@height=\dimen158
\Gin@req@width=\dimen159
)
(/usr/share/texlive/texmf-dist/tex/latex/booktabs/booktabs.sty
Package: booktabs 2020/01/12 v1.61803398 Publication quality tables
\heavyrulewidth=\dimen160
\lightrulewidth=\dimen161
\cmidrulewidth=\dimen162
\belowrulesep=\dimen163
\belowbottomsep=\dimen164
\aboverulesep=\dimen165
\abovetopsep=\dimen166
\cmidrulesep=\dimen167
\cmidrulekern=\dimen168
\defaultaddspace=\dimen169
\@cmidla=\count276
\@cmidlb=\count277
\@aboverulesep=\dimen170
\@belowrulesep=\dimen171
\@thisruleclass=\count278
\@lastruleclass=\count279
\@thisrulewidth=\dimen172
)
(/usr/share/texlive/texmf-dist/tex/latex/hyperref/hyperref.sty
Package: hyperref 2024-01-20 v7.01h Hypertext links for LaTeX

(/usr/share/texlive/texmf-dist/tex/latex/kvsetkeys/kvsetkeys.sty
Package: kvsetkeys 2022-10-05 v1.19 Key value parser (HO)
)
(/usr/share/texlive/texmf-dist/tex/generic/kvdefinekeys/kvdefinekeys.sty
Package: kvdefinekeys 2019-12-19 v1.6 Define keys (HO)
)
(/usr/share/texlive/texmf-dist/tex/generic/pdfescape/pdfescape.sty
Package: pdfescape 2019/12/09 v1.15 Implements pdfTeX's escape features (HO)

(/usr/share/texlive/texmf-dist/tex/generic/ltxcmds/ltxcmds.sty
Package: ltxcmds 2023-12-04 v1.26 LaTeX kernel commands for general use (HO)
)
(/usr/share/texlive/texmf-dist/tex/generic/pdftexcmds/pdftexcmds.sty
Package: pdftexcmds 2020-06-27 v0.33 Utility functions of pdfTeX for LuaTeX (HO
)

(/usr/share/texlive/texmf-dist/tex/generic/infwarerr/infwarerr.sty
Package: infwarerr 2019/12/03 v1.5 Providing info/warning/error messages (HO)
)
Package pdftexcmds Info: \pdf@primitive is available.
Package pdftexcmds Info: \pdf@ifprimitive is available.
Package pdftexcmds Info: \pdfdraftmode found.
))
(/usr/share/texlive/texmf-dist/tex/latex/hycolor/hycolor.sty
Package: hycolor 2020-01-27 v1.10 Color options for hyperref/bookmark (HO)
)
(/usr/share/texlive/texmf-dist/tex/latex/auxhook/auxhook.sty
Package: auxhook 2019-12-17 v1.6 Hooks for auxiliary files (HO)
)
(/usr/share/texlive/texmf-dist/tex/latex/hyperref/nameref.sty
Package: nameref 2023-11-26 v2.56 Cross-referencing by name of section

(/usr/share/texlive/texmf-dist/tex/latex/refcount/refcount.sty
Package: refcount 2019/12/15 v3.6 Data extraction from label references (HO)
)
(/usr/share/texlive/texmf-dist/tex/generic/gettitlestring/gettitlestring.sty
Package: gettitlestring 2019/12/15 v1.6 Cleanup title references (HO)

(/usr/share/texlive/texmf-dist/tex/latex/kvoptions/kvoptions.sty
Package: kvoptions 2022-06-15 v3.15 Key value format for package options (HO)
))
\c@section@level=\count280
)
(/usr/share/texlive/texmf-dist/tex/latex/etoolbox/etoolbox.sty
Package: etoolbox 2020/10/05 v2.5k e-TeX tools for LaTeX (JAW)
\etb@tempcnta=\count281
)
\@linkdim=\dimen173
\Hy@linkcounter=\count282
\Hy@pagecounter=\count283

(/usr/share/texlive/texmf-dist/tex/latex/hyperref/pd1enc.def
File: pd1enc.def 2024-01-20 v7.01h Hyperref: PDFDocEncoding definition (HO)
Now handling font encoding PD1 ...
... no UTF-8 mapping file for font encoding PD1
)
(/usr/share/texlive/texmf-dist/tex/generic/intcalc/intcalc.sty
Package: intcalc 2019/12/15 v1.3 Expandable calculations with integers (HO)
)
\Hy@SavedSpaceFactor=\count284

(/usr/share/texlive/texmf-dist/tex/latex/hyperref/puenc.def
File: puenc.def 2024-01-20 v7.01h Hyperref: PDF Unicode definition (HO)
Now handling font encoding PU ...
... no UTF-8 mapping file for font encoding PU
)
Package hyperref Info: Hyper figures OFF on input line 4179.
Package hyperref Info: Link nesting OFF on input line 4184.
Package hyperref Info: Hyper index ON on input line 4187.
Package hyperref Info: Plain pages OFF on input line 4194.
Package hyperref Info: Backreferencing OFF on input line 4199.
Package hyperref Info: Implicit mode ON; LaTeX internals redefined.
Package hyperref Info: Bookmarks ON on input line 4446.
\c@Hy@tempcnt=\count285

(/usr/share/texlive/texmf-dist/tex/latex/url/url.sty
\Urlmuskip=\muskip17
Package: url 2013/09/16  ver 3.4  Verb mode for urls, etc.
)
LaTeX Info: Redefining \url on input line 4784.
\XeTeXLinkMargin=\dimen174

(/usr/share/texlive/texmf-dist/tex/generic/bitset/bitset.sty
Package: bitset 2019/12/09 v1.3 Handle bit-vector datatype (HO)

(/usr/share/texlive/texmf-dist/tex/generic/bigintcalc/bigintcalc.sty
Package: bigintcalc 2019/12/15 v1.5 Expandable calculations on big integers (HO
)
))
\Fld@menulength=\count286
\Field@Width=\dimen175
\Fld@charsize=\dimen176
Package hyperref Info: Hyper figures OFF on input line 6063.
Package hyperref Info: Link nesting OFF on input line 6068.
Package hyperref Info: Hyper index ON on input line 6071.
Package hyperref Info: backreferencing OFF on input line 6078.
Package hyperref Info: Link coloring OFF on input line 6083.
Package hyperref Info: Link coloring with OCG OFF on input line 6088.
Package hyperref Info: PDF/A mode OFF on input line 6093.

(/usr/share/texlive/texmf-dist/tex/latex/base/atbegshi-ltx.sty
Package: atbegshi-ltx 2021/01/10 v1.0c Emulation of the original atbegshi
package with kernel methods
)
\Hy@abspage=\count287
\c@Item=\count288
\c@Hfootnote=\count289
)
Package hyperref Info: Driver (autodetected): hpdftex.

(/usr/share/texlive/texmf-dist/tex/latex/hyperref/hpdftex.def
File: hpdftex.def 2024-01-20 v7.01h Hyperref driver for pdfTeX

(/usr/share/texlive/texmf-dist/tex/latex/base/atveryend-ltx.sty
Package: atveryend-ltx 2020/08/19 v1.0a Emulation of the original atveryend pac
kage
with kernel methods
)
\Fld@listcount=\count290
\c@bookmark@seq@number=\count291

(/usr/share/texlive/texmf-dist/tex/latex/rerunfilecheck/rerunfilecheck.sty
Package: rerunfilecheck 2022-07-10 v1.10 Rerun checks for auxiliary files (HO)

(/usr/share/texlive/texmf-dist/tex/generic/uniquecounter/uniquecounter.sty
Package: uniquecounter 2019/12/15 v1.4 Provide unlimited unique counter (HO)
)
Package uniquecounter Info: New unique counter `rerunfilecheck' on input line 2
85.
)
\Hy@SectionHShift=\skip53
)
(/usr/share/texlive/texmf-dist/tex/latex/l3backend/l3backend-pdftex.def
File: l3backend-pdftex.def 2024-01-04 L3 backend support: PDF output (pdfTeX)
\l__color_backend_stack_int=\count292
\l__pdf_internal_box=\box53
)
(./mall-measuring-kiosks.aux)
\openout1 = `mall-measuring-kiosks.aux'.

LaTeX Font Info:    Checking defaults for OML/cmm/m/it on input line 12.
LaTeX Font Info:    ... okay on input line 12.
LaTeX Font Info:    Checking defaults for OMS/cmsy/m/n on input line 12.
LaTeX Font Info:    ... okay on input line 12.
LaTeX Font Info:    Checking defaults for OT1/cmr/m/n on input line 12.
LaTeX Font Info:    ... okay on input line 12.
LaTeX Font Info:    Checking defaults for T1/cmr/m/n on input line 12.
LaTeX Font Info:    ... okay on input line 12.
LaTeX Font Info:    Checking defaults for TS1/cmr/m/n on input line 12.
LaTeX Font Info:    ... okay on input line 12.
LaTeX Font Info:    Checking defaults for OMX/cmex/m/n on input line 12.
LaTeX Font Info:    ... okay on input line 12.
LaTeX Font Info:    Checking defaults for U/cmr/m/n on input line 12.
LaTeX Font Info:    ... okay on input line 12.
LaTeX Font Info:    Checking defaults for PD1/pdf/m/n on input line 12.
LaTeX Font Info:    ... okay on input line 12.
LaTeX Font Info:    Checking defaults for PU/pdf/m/n on input line 12.
LaTeX Font Info:    ... okay on input line 12.

*geometry* driver: auto-detecting
*geometry* detected driver: pdftex
*geometry* verbose mode - [ preamble ] result:
* driver: pdftex
* paper: a4paper
* layout: <same size as paper>
* layoutoffset:(h,v)=(0.0pt,0.0pt)
* modes: 
* h-part:(L,W,R)=(72.26999pt, 452.9679pt, 72.26999pt)
* v-part:(T,H,B)=(72.26999pt, 700.50687pt, 72.26999pt)
* \paperwidth=597.50787pt
* \paperheight=845.04684pt
* \textwidth=452.9679pt
* \textheight=700.50687pt
* \oddsidemargin=0.0pt
* \evensidemargin=0.0pt
* \topmargin=-37.0pt
* \headheight=12.0pt
* \headsep=25.0pt
* \topskip=12.0pt
* \footskip=30.0pt
* \marginparwidth=35.0pt
* \marginparsep=10.0pt
* \columnsep=10.0pt
* \skip\footins=10.8pt plus 4.0pt minus 2.0pt
* \hoffset=0.0pt
* \voffset=0.0pt
* \mag=1000
* \@twocolumnfalse
* \@twosidefalse
* \@mparswitchfalse
* \@reversemarginfalse
* (1in=72.27pt=25.4mm, 1cm=28.453pt)

(/usr/share/texlive/texmf-dist/tex/context/base/mkii/supp-pdf.mkii
[Loading MPS to PDF converter (version 2006.09.02).]
\scratchcounter=\count293
\scratchdimen=\dimen177
\scratchbox=\box54
\nofMPsegments=\count294
\nofMParguments=\count295
\everyMPshowfont=\toks24
\MPscratchCnt=\count296
\MPscratchDim=\dimen178
\MPnumerator=\count297
\makeMPintoPDFobject=\count298
\everyMPtoPDFconversion=\toks25
) (/usr/share/texlive/texmf-dist/tex/latex/epstopdf-pkg/epstopdf-base.sty
Package: epstopdf-base 2020-01-24 v2.11 Base part for package epstopdf
Package epstopdf-base Info: Redefining graphics rule for `.eps' on input line 4
85.

(/usr/share/texlive/texmf-dist/tex/latex/latexconfig/epstopdf-sys.cfg
File: epstopdf-sys.cfg 2010/07/13 v1.3 Configuration of (r)epstopdf for TeX Liv
e
))
Package hyperref Info: Link coloring OFF on input line 12.

(./mall-measuring-kiosks.out) (./mall-measuring-kiosks.out)
\@outlinefile=\write3
\openout3 = `mall-measuring-kiosks.out'.

LaTeX Font Info:    Trying to load font information for U+msa on input line 15.


(/usr/share/texlive/texmf-dist/tex/latex/amsfonts/umsa.fd
File: umsa.fd 2013/01/14 v3.01 AMS symbols A
)
LaTeX Font Info:    Trying to load font information for U+msb on input line 15.


(/usr/share/texlive/texmf-dist/tex/latex/amsfonts/umsb.fd
File: umsb.fd 2013/01/14 v3.01 AMS symbols B
)

! LaTeX Error: Unicode character ₹ (U+20B9)
               not set up for use with LaTeX.

See the LaTeX manual or LaTeX Companion for explanation.
Type  H <return>  for immediate help.
 ...                                              
                                                  
l.18 ...s. With an estimated per-kiosk cost of ₹
                                                  2,00,000 and a payback per...

You may provide a definition with
\DeclareUnicodeCharacter 


! LaTeX Error: Unicode character ₹ (U+20B9)
               not set up for use with LaTeX.

See the LaTeX manual or LaTeX Companion for explanation.
Type  H <return>  for immediate help.
 ...                                              
                                                  
l.29 ...g in estimated annual losses exceeding ₹
                                                  25,000 Crores across the i...

You may provide a definition with
\DeclareUnicodeCharacter 

[1

{/var/lib/texmf/fonts/map/pdftex/updmap/pdftex.map}] [2]

! LaTeX Error: Unicode character ₹ (U+20B9)
               not set up for use with LaTeX.

See the LaTeX manual or LaTeX Companion for explanation.
Type  H <return>  for immediate help.
 ...                                              
                                                  
l.88 Brand sponsorship revenue is estimated at ₹
                                                  15,000--₹30,000 per bran...

You may provide a definition with
\DeclareUnicodeCharacter 


! LaTeX Error: Unicode character ₹ (U+20B9)
               not set up for use with LaTeX.

See the LaTeX manual or LaTeX Companion for explanation.
Type  H <return>  for immediate help.
 ...                                              
                                                  
l.88 ...hip revenue is estimated at ₹15,000--₹
                                                  30,000 per brand per kiosk...

You may provide a definition with
\DeclareUnicodeCharacter 


! LaTeX Error: Unicode character ₹ (U+20B9)
               not set up for use with LaTeX.

See the LaTeX manual or LaTeX Companion for explanation.
Type  H <return>  for immediate help.
 ...                                              
                                                  
l.93     \item \textbf{Consumer Paid:} ₹
                                          50--₹100 per scan for non-linked...

You may provide a definition with
\DeclareUnicodeCharacter 


! LaTeX Error: Unicode character ₹ (U+20B9)
               not set up for use with LaTeX.

See the LaTeX manual or LaTeX Companion for explanation.
Type  H <return>  for immediate help.
 ...                                              
                                                  
l.93     \item \textbf{Consumer Paid:} ₹50--₹
                                                 100 per scan for non-linked...

You may provide a definition with
\DeclareUnicodeCharacter 


! LaTeX Error: Unicode character ₹ (U+20B9)
               not set up for use with LaTeX.

See the LaTeX manual or LaTeX Companion for explanation.
Type  H <return>  for immediate help.
 ...                                              
                                                  
l.95 ...Model:} A consumer app subscription at ₹
                                                  199/month for unlimited sc...

You may provide a definition with
\DeclareUnicodeCharacter 

[3]
Overfull \hbox (10.57863pt too wide) in paragraph at lines 155--156
[]\OT1/cmr/bx/n/12 Measurement En-gine: \OT1/cmr/m/n/12 Pro-pri-etary al-go-rit
hm trained on In-dian body type datasets. 
 []

[4]

! LaTeX Error: Unicode character ₹ (U+20B9)
               not set up for use with LaTeX.

See the LaTeX manual or LaTeX Companion for explanation.
Type  H <return>  for immediate help.
 ...                                              
                                                  
l.166 3D Camera Array (8x RealSense D455) & ₹
                                               80,000 \\
You may provide a definition with
\DeclareUnicodeCharacter 


! LaTeX Error: Unicode character ₹ (U+20B9)
               not set up for use with LaTeX.

See the LaTeX manual or LaTeX Companion for explanation.
Type  H <return>  for immediate help.
 ...                                              
                                                  
l.167 Edge Computing Unit (Jetson Orin) & ₹
                                             35,000 \\
You may provide a definition with
\DeclareUnicodeCharacter 


! LaTeX Error: Unicode character ₹ (U+20B9)
               not set up for use with LaTeX.

See the LaTeX manual or LaTeX Companion for explanation.
Type  H <return>  for immediate help.
 ...                                              
                                                  
l.168 Display + Enclosure + Mechanical & ₹
                                            50,000 \\
You may provide a definition with
\DeclareUnicodeCharacter 


! LaTeX Error: Unicode character ₹ (U+20B9)
               not set up for use with LaTeX.

See the LaTeX manual or LaTeX Companion for explanation.
Type  H <return>  for immediate help.
 ...                                              
                                                  
l.169 ...llaneous (QR Scanner, Printer, UPS) & ₹
                                                  15,000 \\
You may provide a definition with
\DeclareUnicodeCharacter 


! LaTeX Error: Unicode character ₹ (U+20B9)
               not set up for use with LaTeX.

See the LaTeX manual or LaTeX Companion for explanation.
Type  H <return>  for immediate help.
 ...                                              
                                                  
l.170 Installation + Logistics & ₹
                                    20,000 \\
You may provide a definition with
\DeclareUnicodeCharacter 


! LaTeX Error: Unicode character ₹ (U+20B9)
               not set up for use with LaTeX.

See the LaTeX manual or LaTeX Companion for explanation.
Type  H <return>  for immediate help.
 ...                                              
                                                  
l.172 ...f{Total per Kiosk} & \textbf{₹2,00,000}
                                                   \\
You may provide a definition with
\DeclareUnicodeCharacter 


! LaTeX Error: Unicode character ₹ (U+20B9)
               not set up for use with LaTeX.

See the LaTeX manual or LaTeX Companion for explanation.
Type  H <return>  for immediate help.
 ...                                              
                                                  
l.184     \item Revenue per scan: ₹
                                     75 (blended average of consumer-paid an...

You may provide a definition with
\DeclareUnicodeCharacter 


! LaTeX Error: Unicode character ₹ (U+20B9)
               not set up for use with LaTeX.

See the LaTeX manual or LaTeX Companion for explanation.
Type  H <return>  for immediate help.
 ...                                              
                                                  
l.186 ...Operational cost per kiosk per month: ₹
                                                  5,000 (maintenance, connec...

You may provide a definition with
\DeclareUnicodeCharacter 


! LaTeX Error: Unicode character ₹ (U+20B9)
               not set up for use with LaTeX.

See the LaTeX manual or LaTeX Companion for explanation.
Type  H <return>  for immediate help.
 ...                                              
                                                  
l.187 ...onsorship revenue per kiosk per year: ₹
                                                  20,000 (amortized).
You may provide a definition with
\DeclareUnicodeCharacter 


! LaTeX Error: Unicode character ₹ (U+20B9)
               not set up for use with LaTeX.

See the LaTeX manual or LaTeX Companion for explanation.
Type  H <return>  for immediate help.
 ...                                              
                                                  
l.199 Scan Revenue (₹
                        Lakhs) & 24.0 & 37.5 & 61.5 & 177.8 \\
You may provide a definition with
\DeclareUnicodeCharacter 


! LaTeX Error: Unicode character ₹ (U+20B9)
               not set up for use with LaTeX.

See the LaTeX manual or LaTeX Companion for explanation.
Type  H <return>  for immediate help.
 ...                                              
                                                  
l.200 Brand Sponsorship (₹
                             Lakhs) & 5.0 & 5.0 & 10.0 & 20.0 \\
You may provide a definition with
\DeclareUnicodeCharacter 


! LaTeX Error: Unicode character ₹ (U+20B9)
               not set up for use with LaTeX.

See the LaTeX manual or LaTeX Companion for explanation.
Type  H <return>  for immediate help.
 ...                                              
                                                  
l.201 Gross Revenue (₹
                         Lakhs) & 29.0 & 42.5 & 71.5 & 197.8 \\
You may provide a definition with
\DeclareUnicodeCharacter 


! LaTeX Error: Unicode character ₹ (U+20B9)
               not set up for use with LaTeX.

See the LaTeX manual or LaTeX Companion for explanation.
Type  H <return>  for immediate help.
 ...                                              
                                                  
l.202 Mall Share @ 12\% (₹
                             Lakhs) & 3.5 & 5.1 & 8.6 & 23.7 \\
You may provide a definition with
\DeclareUnicodeCharacter 


! LaTeX Error: Unicode character ₹ (U+20B9)
               not set up for use with LaTeX.

See the LaTeX manual or LaTeX Companion for explanation.
Type  H <return>  for immediate help.
 ...                                              
                                                  
l.203 Operational Cost (₹
                            Lakhs) & 7.5 & 7.5 & 15.0 & 60.0 \\
You may provide a definition with
\DeclareUnicodeCharacter 


! LaTeX Error: Unicode character ₹ (U+20B9)
               not set up for use with LaTeX.

See the LaTeX manual or LaTeX Companion for explanation.
Type  H <return>  for immediate help.
 ...                                              
                                                  
l.204 Net Revenue (₹
                       Lakhs) & 18.0 & 29.9 & 47.9 & 114.1 \\
You may provide a definition with
\DeclareUnicodeCharacter 


! LaTeX Error: Unicode character ₹ (U+20B9)
               not set up for use with LaTeX.

See the LaTeX manual or LaTeX Companion for explanation.
Type  H <return>  for immediate help.
 ...                                              
                                                  
l.206 Cumulative Net (₹
                          Lakhs) & 18.0 & 47.9 & 47.9 & 162.0 \\
You may provide a definition with
\DeclareUnicodeCharacter 


Overfull \hbox (78.03212pt too wide) in paragraph at lines 192--209
[] 
 []

[5]

! LaTeX Error: Unicode character ₹ (U+20B9)
               not set up for use with LaTeX.

See the LaTeX manual or LaTeX Companion for explanation.
Type  H <return>  for immediate help.
 ...                                              
                                                  
l.213     \item \textbf{Kiosk Cost:} ₹
                                        2,00,000
You may provide a definition with
\DeclareUnicodeCharacter 


! LaTeX Error: Unicode character ₹ (U+20B9)
               not set up for use with LaTeX.

See the LaTeX manual or LaTeX Companion for explanation.
Type  H <return>  for immediate help.
 ...                                              
                                                  
l.214 ...f{Monthly Revenue:} 50 scans $\times$ ₹
                                                  75 $\times$ 30 days = ₹1...

You may provide a definition with
\DeclareUnicodeCharacter 


! LaTeX Error: Unicode character ₹ (U+20B9)
               not set up for use with LaTeX.

See the LaTeX manual or LaTeX Companion for explanation.
Type  H <return>  for immediate help.
 ...                                              
                                                  
l.214 ...ans $\times$ ₹75 $\times$ 30 days = ₹
                                                  1,12,500 (gross)
You may provide a definition with
\DeclareUnicodeCharacter 


! LaTeX Error: Unicode character ₹ (U+20B9)
               not set up for use with LaTeX.

See the LaTeX manual or LaTeX Companion for explanation.
Type  H <return>  for immediate help.
 ...                                              
                                                  
l.215 ...tem \textbf{Less: Mall Share (12\%):} ₹
                                                  13,500
You may provide a definition with
\DeclareUnicodeCharacter 


! LaTeX Error: Unicode character ₹ (U+20B9)
               not set up for use with LaTeX.

See the LaTeX manual or LaTeX Companion for explanation.
Type  H <return>  for immediate help.
 ...                                              
                                                  
l.216 ...item \textbf{Less: Operational Cost:} ₹
                                                  5,000
You may provide a definition with
\DeclareUnicodeCharacter 


! LaTeX Error: Unicode character ₹ (U+20B9)
               not set up for use with LaTeX.

See the LaTeX manual or LaTeX Companion for explanation.
Type  H <return>  for immediate help.
 ...                                              
                                                  
l.217     \item \textbf{Net Monthly Revenue:} ₹
                                                 94,000
You may provide a definition with
\DeclareUnicodeCharacter 


! LaTeX Error: Unicode character ₹ (U+20B9)
               not set up for use with LaTeX.

See the LaTeX manual or LaTeX Companion for explanation.
Type  H <return>  for immediate help.
 ...                                              
                                                  
l.218     \item \textbf{Payback Period:} ₹
                                            2,00,000 $\div$ ₹94,000 $\appr...

You may provide a definition with
\DeclareUnicodeCharacter 


! LaTeX Error: Unicode character ₹ (U+20B9)
               not set up for use with LaTeX.

See the LaTeX manual or LaTeX Companion for explanation.
Type  H <return>  for immediate help.
 ...                                              
                                                  
l.218 ...f{Payback Period:} ₹2,00,000 $\div$ ₹
                                                  94,000 $\approx$ \textbf{2...

You may provide a definition with
\DeclareUnicodeCharacter 


! LaTeX Error: Unicode character ₹ (U+20B9)
               not set up for use with LaTeX.

See the LaTeX manual or LaTeX Companion for explanation.
Type  H <return>  for immediate help.
 ...                                              
                                                  
l.222 Note: With brand sponsorship revenue (₹
                                               20,000/year/kiosk), the payba...

You may provide a definition with
\DeclareUnicodeCharacter 


Underfull \hbox (badness 10000) in paragraph at lines 234--235
[]\OT1/cmr/m/n/12 Strong pri-vacy
 []


Underfull \hbox (badness 10000) in paragraph at lines 234--235
\OT1/cmr/m/n/12 mes-sag-ing;
 []


Underfull \hbox (badness 10000) in paragraph at lines 234--235
\OT1/cmr/m/n/12 gam-i-fi-ca-tion
 []


Underfull \hbox (badness 10000) in paragraph at lines 234--235
\OT1/cmr/m/n/12 and in-cen-tive
 []


Underfull \hbox (badness 10000) in paragraph at lines 234--235
\OT1/cmr/m/n/12 pro-grams for
 []


Underfull \hbox (badness 10000) in paragraph at lines 235--235
[]\OT1/cmr/m/n/12 Securing brand spon-sor-ships
 []


Underfull \hbox (badness 5504) in paragraph at lines 235--236
[]\OT1/cmr/m/n/12 Diversified rev-
 []


Underfull \hbox (badness 2941) in paragraph at lines 235--236
\OT1/cmr/m/n/12 launch part-ner-
 []


Underfull \hbox (badness 3460) in paragraph at lines 235--236
\OT1/cmr/m/n/12 ships with an-
 []


Underfull \hbox (badness 10000) in paragraph at lines 236--237
\OT1/cmr/m/n/12 code shar-ing),
 []


Overfull \hbox (28.89383pt too wide) in paragraph at lines 230--239
[] 
 []

[6]
Underfull \hbox (badness 10000) in paragraph at lines 246--247
[]\OT1/cmr/m/n/12 Robust en-clo-
 []


Underfull \hbox (badness 10000) in paragraph at lines 246--247
\OT1/cmr/m/n/12 sures; re-mote
 []


Underfull \hbox (badness 10000) in paragraph at lines 246--247
\OT1/cmr/m/n/12 mon-i-tor-ing;
 []


Underfull \hbox (badness 1565) in paragraph at lines 246--247
\OT1/cmr/m/n/12 SLA with mall
 []


Underfull \hbox (badness 10000) in paragraph at lines 246--247
\OT1/cmr/m/n/12 main-te-nance
 []


Underfull \hbox (badness 1565) in paragraph at lines 247--247
\OT1/cmr/m/n/12 to wrong fit and brand com-
 []


! LaTeX Error: Unicode character 误 (U+8BEF)
               not set up for use with LaTeX.

See the LaTeX manual or LaTeX Companion for explanation.
Type  H <return>  for immediate help.
 ...                                              
                                                  
l.247 ...and complaints. & Regular calibration;误
                                                  差 $<1cm$ threshold; easy...

You may provide a definition with
\DeclareUnicodeCharacter 


! LaTeX Error: Unicode character 差 (U+5DEE)
               not set up for use with LaTeX.

See the LaTeX manual or LaTeX Companion for explanation.
Type  H <return>  for immediate help.
 ...                                              
                                                  
l.247 ... complaints. & Regular calibration;误差
                                                   $<1cm$ threshold; easy co...

You may provide a definition with
\DeclareUnicodeCharacter 


Underfull \hbox (badness 5787) in paragraph at lines 247--248
\OT1/cmr/m/n/12 tion; $\OML/cmm/m/it/12 < \OT1/cmr/m/n/12 1\OML/cmm/m/it/12 cm$

 []


Underfull \hbox (badness 2443) in paragraph at lines 247--248
\OT1/cmr/m/n/12 thresh-old; easy
 []


Underfull \hbox (badness 10000) in paragraph at lines 248--249
[]\OT1/cmr/m/n/12 Partner with
 []


Underfull \hbox (badness 10000) in paragraph at lines 248--249
\OT1/cmr/m/n/12 third-party
 []


Overfull \hbox (10.25513pt too wide) in paragraph at lines 242--251
[] 
 []


Underfull \hbox (badness 2221) in paragraph at lines 258--258
[]\OT1/cmr/m/n/12 Component short-ages may in-
 []


Underfull \hbox (badness 10000) in paragraph at lines 258--259
[]\OT1/cmr/m/n/12 Bulk pro-
 []


Underfull \hbox (badness 10000) in paragraph at lines 258--259
\OT1/cmr/m/n/12 cure-ment
 []


Underfull \hbox (badness 10000) in paragraph at lines 258--259
\OT1/cmr/m/n/12 agree-ments;
 []


Underfull \hbox (badness 10000) in paragraph at lines 258--259
\OT1/cmr/m/n/12 hardware-
 []


Underfull \hbox (badness 10000) in paragraph at lines 258--259
\OT1/cmr/m/n/12 agnostic soft-
 []


Underfull \hbox (badness 10000) in paragraph at lines 259--260
[]\OT1/cmr/m/n/12 A/B test lo-
 []


Underfull \hbox (badness 10000) in paragraph at lines 259--260
\OT1/cmr/m/n/12 ca-tions within
 []


Underfull \hbox (badness 10000) in paragraph at lines 259--260
\OT1/cmr/m/n/12 malls; flex-i-ble
 []


Underfull \hbox (badness 10000) in paragraph at lines 259--260
\OT1/cmr/m/n/12 con-tract terms
 []


Underfull \hbox (badness 10000) in paragraph at lines 259--260
\OT1/cmr/m/n/12 with malls
 []


Underfull \hbox (badness 6825) in paragraph at lines 260--261
[]\OT1/cmr/m/n/12 Staged fund-ing
 []


Overfull \hbox (18.1884pt too wide) in paragraph at lines 254--263
[] 
 []

[7]
Overfull \hbox (0.19736pt too wide) in paragraph at lines 271--272
[]\OT1/cmr/bx/n/12 Size.yaml (UK): \OT1/cmr/m/n/12 On-line body mea-sure-ment t
ool us-ing smart-phone cam-eras. Weak
 []


Overfull \hbox (6.76633pt too wide) in paragraph at lines 272--273
[]\OT1/cmr/bx/n/12 3DLook (US/Europe): \OT1/cmr/m/n/12 Enterprise-focused 3D bo
dy scan-ning for en-ter-prise clients.
 []


Overfull \hbox (4.56488pt too wide) in paragraph at lines 273--274
[]\OT1/cmr/bx/n/12 Volumental (Swe-den): \OT1/cmr/m/n/12 Retail-focused 3D scan
-ning with brand part-ner-ships (Nike,
 []

[8]

! LaTeX Error: Unicode character 供 (U+4F9B)
               not set up for use with LaTeX.

See the LaTeX manual or LaTeX Companion for explanation.
Type  H <return>  for immediate help.
 ...                                              
                                                  
l.304     \item Finalize hardware供
                                    应商 and begin kiosk fabrication.
You may provide a definition with
\DeclareUnicodeCharacter 


! LaTeX Error: Unicode character 应 (U+5E94)
               not set up for use with LaTeX.

See the LaTeX manual or LaTeX Companion for explanation.
Type  H <return>  for immediate help.
 ...                                              
                                                  
l.304     \item Finalize hardware供应
                                       商 and begin kiosk fabrication.
You may provide a definition with
\DeclareUnicodeCharacter 


! LaTeX Error: Unicode character 商 (U+5546)
               not set up for use with LaTeX.

See the LaTeX manual or LaTeX Companion for explanation.
Type  H <return>  for immediate help.
 ...                                              
                                                  
l.304     \item Finalize hardware供应商
                                           and begin kiosk fabrication.
You may provide a definition with
\DeclareUnicodeCharacter 

[9] (./mall-measuring-kiosks.aux)
 ***********
LaTeX2e <2023-11-01> patch level 1
L3 programming layer <2024-01-22>
 ***********
Package rerunfilecheck Info: File `mall-measuring-kiosks.out' has not changed.
(rerunfilecheck)             Checksum: 8BCE2212F8087D6AC039C987328A2816;5083.
 ) 
Here is how much of TeX's memory you used:
 10180 strings out of 476182
 153722 string characters out of 5795596
 1934975 words of memory out of 5000000
 32019 multiletter control sequences out of 15000+600000
 567169 words of font info for 71 fonts, out of 8000000 for 9000
 14 hyphenation exceptions out of 8191
 75i,9n,79p,777b,511s stack positions out of 10000i,1000n,20000p,200000b,200000s
 </home/teerthsharma/.texlive2023/texmf-var/fonts/pk/ljfour/jknappen/ec/tcrm1
200.600pk></usr/share/texlive/texmf-dist/fonts/type1/public/amsfonts/cm/cmbx12.
pfb></usr/share/texlive/texmf-dist/fonts/type1/public/amsfonts/cm/cmmi12.pfb></
usr/share/texlive/texmf-dist/fonts/type1/public/amsfonts/cm/cmr12.pfb></usr/sha
re/texlive/texmf-dist/fonts/type1/public/amsfonts/cm/cmr17.pfb></usr/share/texl
ive/texmf-dist/fonts/type1/public/amsfonts/cm/cmsy10.pfb>
Output written on mall-measuring-kiosks.pdf (9 pages, 94209 bytes).
PDF statistics:
 221 PDF objects out of 1000 (max. 8388607)
 196 compressed objects within 2 object streams
 50 named destinations out of 1000 (max. 500000)
 241 words of extra memory for PDF output out of 10000 (max. 10000000)

